----------------------------------------------------------------
Fri Apr 22 20:56:31 EDT 2016:
Booting Derby version The Apache Software Foundation - Apache Derby - 10.11.1.1 - (1616546): instance a816c00e-0154-409e-3616-000002043c90 
on database directory memory:/home/lokesh/Downloads/cpe/unit-test with class loader sun.misc.Launcher$AppClassLoader@46c6c084 
Loaded from file:/home/lokesh/.m2/repository/org/apache/derby/derby/10.11.1.1/derby-10.11.1.1.jar
java.vendor=Oracle Corporation
java.runtime.version=1.7.0_95-b00
user.dir=/home/lokesh/Downloads/cpe
os.name=Linux
os.arch=amd64
os.version=3.16.0-30-generic
derby.system.home=null
Database Class Loader started - derby.database.classpath=''
----------------------------------------------------------------
Fri Apr 22 20:56:55 EDT 2016:
Shutting down instance a816c00e-0154-409e-3616-000002043c90 on database directory memory:/home/lokesh/Downloads/cpe/unit-test with class loader sun.misc.Launcher$AppClassLoader@46c6c084 
----------------------------------------------------------------
Fri Apr 22 20:56:55 EDT 2016:
Booting Derby version The Apache Software Foundation - Apache Derby - 10.11.1.1 - (1616546): instance c0f306a8-0154-409e-3616-000002043c90 
on database directory memory:/home/lokesh/Downloads/cpe/unit-test with class loader sun.misc.Launcher$AppClassLoader@46c6c084 
Loaded from file:/home/lokesh/.m2/repository/org/apache/derby/derby/10.11.1.1/derby-10.11.1.1.jar
java.vendor=Oracle Corporation
java.runtime.version=1.7.0_95-b00
user.dir=/home/lokesh/Downloads/cpe
os.name=Linux
os.arch=amd64
os.version=3.16.0-30-generic
derby.system.home=null
Database Class Loader started - derby.database.classpath=''
----------------------------------------------------------------
Fri Apr 22 20:57:07 EDT 2016:
Shutting down instance c0f306a8-0154-409e-3616-000002043c90 on database directory memory:/home/lokesh/Downloads/cpe/unit-test with class loader sun.misc.Launcher$AppClassLoader@46c6c084 
----------------------------------------------------------------
Fri Apr 22 20:57:08 EDT 2016:
Booting Derby version The Apache Software Foundation - Apache Derby - 10.11.1.1 - (1616546): instance 9a48cd43-0154-409e-3616-000002043c90 
on database directory memory:/home/lokesh/Downloads/cpe/unit-test with class loader sun.misc.Launcher$AppClassLoader@46c6c084 
Loaded from file:/home/lokesh/.m2/repository/org/apache/derby/derby/10.11.1.1/derby-10.11.1.1.jar
java.vendor=Oracle Corporation
java.runtime.version=1.7.0_95-b00
user.dir=/home/lokesh/Downloads/cpe
os.name=Linux
os.arch=amd64
os.version=3.16.0-30-generic
derby.system.home=null
Database Class Loader started - derby.database.classpath=''
----------------------------------------------------------------
Fri Apr 22 20:57:14 EDT 2016:
Shutting down instance 9a48cd43-0154-409e-3616-000002043c90 on database directory memory:/home/lokesh/Downloads/cpe/unit-test with class loader sun.misc.Launcher$AppClassLoader@46c6c084 
----------------------------------------------------------------
Fri Apr 22 20:57:14 EDT 2016:
Booting Derby version The Apache Software Foundation - Apache Derby - 10.11.1.1 - (1616546): instance 7c14d3de-0154-409e-3616-000002043c90 
on database directory memory:/home/lokesh/Downloads/cpe/unit-test with class loader sun.misc.Launcher$AppClassLoader@46c6c084 
Loaded from file:/home/lokesh/.m2/repository/org/apache/derby/derby/10.11.1.1/derby-10.11.1.1.jar
java.vendor=Oracle Corporation
java.runtime.version=1.7.0_95-b00
user.dir=/home/lokesh/Downloads/cpe
os.name=Linux
os.arch=amd64
os.version=3.16.0-30-generic
derby.system.home=null
Database Class Loader started - derby.database.classpath=''
----------------------------------------------------------------
Fri Apr 22 20:57:19 EDT 2016:
Shutting down instance 7c14d3de-0154-409e-3616-000002043c90 on database directory memory:/home/lokesh/Downloads/cpe/unit-test with class loader sun.misc.Launcher$AppClassLoader@46c6c084 
----------------------------------------------------------------
Fri Apr 22 20:57:19 EDT 2016:
Booting Derby version The Apache Software Foundation - Apache Derby - 10.11.1.1 - (1616546): instance 96571a79-0154-409e-3616-000002043c90 
on database directory memory:/home/lokesh/Downloads/cpe/unit-test with class loader sun.misc.Launcher$AppClassLoader@46c6c084 
Loaded from file:/home/lokesh/.m2/repository/org/apache/derby/derby/10.11.1.1/derby-10.11.1.1.jar
java.vendor=Oracle Corporation
java.runtime.version=1.7.0_95-b00
user.dir=/home/lokesh/Downloads/cpe
os.name=Linux
os.arch=amd64
os.version=3.16.0-30-generic
derby.system.home=null
Database Class Loader started - derby.database.classpath=''
----------------------------------------------------------------
Fri Apr 22 20:57:28 EDT 2016:
Shutting down instance 96571a79-0154-409e-3616-000002043c90 on database directory memory:/home/lokesh/Downloads/cpe/unit-test with class loader sun.misc.Launcher$AppClassLoader@46c6c084 
----------------------------------------------------------------
Fri Apr 22 20:57:28 EDT 2016:
Booting Derby version The Apache Software Foundation - Apache Derby - 10.11.1.1 - (1616546): instance 190fa114-0154-409e-3616-000002043c90 
on database directory memory:/home/lokesh/Downloads/cpe/unit-test with class loader sun.misc.Launcher$AppClassLoader@46c6c084 
Loaded from file:/home/lokesh/.m2/repository/org/apache/derby/derby/10.11.1.1/derby-10.11.1.1.jar
java.vendor=Oracle Corporation
java.runtime.version=1.7.0_95-b00
user.dir=/home/lokesh/Downloads/cpe
os.name=Linux
os.arch=amd64
os.version=3.16.0-30-generic
derby.system.home=null
Database Class Loader started - derby.database.classpath=''
----------------------------------------------------------------
Fri Apr 22 20:57:32 EDT 2016:
Shutting down instance 190fa114-0154-409e-3616-000002043c90 on database directory memory:/home/lokesh/Downloads/cpe/unit-test with class loader sun.misc.Launcher$AppClassLoader@46c6c084 
----------------------------------------------------------------
Fri Apr 22 20:57:33 EDT 2016:
Booting Derby version The Apache Software Foundation - Apache Derby - 10.11.1.1 - (1616546): instance 343e67af-0154-409e-3616-000002043c90 
on database directory memory:/home/lokesh/Downloads/cpe/unit-test with class loader sun.misc.Launcher$AppClassLoader@46c6c084 
Loaded from file:/home/lokesh/.m2/repository/org/apache/derby/derby/10.11.1.1/derby-10.11.1.1.jar
java.vendor=Oracle Corporation
java.runtime.version=1.7.0_95-b00
user.dir=/home/lokesh/Downloads/cpe
os.name=Linux
os.arch=amd64
os.version=3.16.0-30-generic
derby.system.home=null
Database Class Loader started - derby.database.classpath=''
----------------------------------------------------------------
Fri Apr 22 20:57:37 EDT 2016:
Shutting down instance 343e67af-0154-409e-3616-000002043c90 on database directory memory:/home/lokesh/Downloads/cpe/unit-test with class loader sun.misc.Launcher$AppClassLoader@46c6c084 
----------------------------------------------------------------
Fri Apr 22 20:57:37 EDT 2016:
Booting Derby version The Apache Software Foundation - Apache Derby - 10.11.1.1 - (1616546): instance 17e36e4a-0154-409e-3616-000002043c90 
on database directory memory:/home/lokesh/Downloads/cpe/unit-test with class loader sun.misc.Launcher$AppClassLoader@46c6c084 
Loaded from file:/home/lokesh/.m2/repository/org/apache/derby/derby/10.11.1.1/derby-10.11.1.1.jar
java.vendor=Oracle Corporation
java.runtime.version=1.7.0_95-b00
user.dir=/home/lokesh/Downloads/cpe
os.name=Linux
os.arch=amd64
os.version=3.16.0-30-generic
derby.system.home=null
Database Class Loader started - derby.database.classpath=''
----------------------------------------------------------------
Fri Apr 22 20:57:44 EDT 2016:
Shutting down instance 17e36e4a-0154-409e-3616-000002043c90 on database directory memory:/home/lokesh/Downloads/cpe/unit-test with class loader sun.misc.Launcher$AppClassLoader@46c6c084 
----------------------------------------------------------------
Fri Apr 22 20:57:45 EDT 2016:
Booting Derby version The Apache Software Foundation - Apache Derby - 10.11.1.1 - (1616546): instance 3a3f6fea-0154-409e-3616-000002043c90 
on database directory memory:/home/lokesh/Downloads/cpe/unit-test with class loader sun.misc.Launcher$AppClassLoader@46c6c084 
Loaded from file:/home/lokesh/.m2/repository/org/apache/derby/derby/10.11.1.1/derby-10.11.1.1.jar
java.vendor=Oracle Corporation
java.runtime.version=1.7.0_95-b00
user.dir=/home/lokesh/Downloads/cpe
os.name=Linux
os.arch=amd64
os.version=3.16.0-30-generic
derby.system.home=null
Database Class Loader started - derby.database.classpath=''
----------------------------------------------------------------
Fri Apr 22 20:57:52 EDT 2016:
Shutting down instance 3a3f6fea-0154-409e-3616-000002043c90 on database directory memory:/home/lokesh/Downloads/cpe/unit-test with class loader sun.misc.Launcher$AppClassLoader@46c6c084 
----------------------------------------------------------------
Fri Apr 22 20:57:53 EDT 2016:
Booting Derby version The Apache Software Foundation - Apache Derby - 10.11.1.1 - (1616546): instance 5ab431a1-0154-409e-3616-000002043c90 
on database directory memory:/home/lokesh/Downloads/cpe/unit-test with class loader sun.misc.Launcher$AppClassLoader@46c6c084 
Loaded from file:/home/lokesh/.m2/repository/org/apache/derby/derby/10.11.1.1/derby-10.11.1.1.jar
java.vendor=Oracle Corporation
java.runtime.version=1.7.0_95-b00
user.dir=/home/lokesh/Downloads/cpe
os.name=Linux
os.arch=amd64
os.version=3.16.0-30-generic
derby.system.home=null
Database Class Loader started - derby.database.classpath=''
----------------------------------------------------------------
Fri Apr 22 20:58:00 EDT 2016:
Shutting down instance 5ab431a1-0154-409e-3616-000002043c90 on database directory memory:/home/lokesh/Downloads/cpe/unit-test with class loader sun.misc.Launcher$AppClassLoader@46c6c084 
----------------------------------------------------------------
Fri Apr 22 20:58:00 EDT 2016:
Booting Derby version The Apache Software Foundation - Apache Derby - 10.11.1.1 - (1616546): instance 375d3358-0154-409e-3616-000002043c90 
on database directory memory:/home/lokesh/Downloads/cpe/unit-test with class loader sun.misc.Launcher$AppClassLoader@46c6c084 
Loaded from file:/home/lokesh/.m2/repository/org/apache/derby/derby/10.11.1.1/derby-10.11.1.1.jar
java.vendor=Oracle Corporation
java.runtime.version=1.7.0_95-b00
user.dir=/home/lokesh/Downloads/cpe
os.name=Linux
os.arch=amd64
os.version=3.16.0-30-generic
derby.system.home=null
Database Class Loader started - derby.database.classpath=''
----------------------------------------------------------------
Fri Apr 22 20:58:08 EDT 2016:
Shutting down instance 375d3358-0154-409e-3616-000002043c90 on database directory memory:/home/lokesh/Downloads/cpe/unit-test with class loader sun.misc.Launcher$AppClassLoader@46c6c084 
----------------------------------------------------------------
Fri Apr 22 20:58:09 EDT 2016:
Booting Derby version The Apache Software Foundation - Apache Derby - 10.11.1.1 - (1616546): instance 64eb3519-0154-409e-3616-000002043c90 
on database directory memory:/home/lokesh/Downloads/cpe/unit-test with class loader sun.misc.Launcher$AppClassLoader@46c6c084 
Loaded from file:/home/lokesh/.m2/repository/org/apache/derby/derby/10.11.1.1/derby-10.11.1.1.jar
java.vendor=Oracle Corporation
java.runtime.version=1.7.0_95-b00
user.dir=/home/lokesh/Downloads/cpe
os.name=Linux
os.arch=amd64
os.version=3.16.0-30-generic
derby.system.home=null
Database Class Loader started - derby.database.classpath=''
----------------------------------------------------------------
Fri Apr 22 20:58:13 EDT 2016:
Shutting down instance 64eb3519-0154-409e-3616-000002043c90 on database directory memory:/home/lokesh/Downloads/cpe/unit-test with class loader sun.misc.Launcher$AppClassLoader@46c6c084 
----------------------------------------------------------------
Fri Apr 22 20:58:13 EDT 2016:
Booting Derby version The Apache Software Foundation - Apache Derby - 10.11.1.1 - (1616546): instance 4b5f36b9-0154-409e-3616-000002043c90 
on database directory memory:/home/lokesh/Downloads/cpe/unit-test with class loader sun.misc.Launcher$AppClassLoader@46c6c084 
Loaded from file:/home/lokesh/.m2/repository/org/apache/derby/derby/10.11.1.1/derby-10.11.1.1.jar
java.vendor=Oracle Corporation
java.runtime.version=1.7.0_95-b00
user.dir=/home/lokesh/Downloads/cpe
os.name=Linux
os.arch=amd64
os.version=3.16.0-30-generic
derby.system.home=null
Database Class Loader started - derby.database.classpath=''
----------------------------------------------------------------
Fri Apr 22 20:58:16 EDT 2016:
Shutting down instance 4b5f36b9-0154-409e-3616-000002043c90 on database directory memory:/home/lokesh/Downloads/cpe/unit-test with class loader sun.misc.Launcher$AppClassLoader@46c6c084 
----------------------------------------------------------------
Fri Apr 22 20:58:17 EDT 2016:
Booting Derby version The Apache Software Foundation - Apache Derby - 10.11.1.1 - (1616546): instance dad33859-0154-409e-3616-000002043c90 
on database directory memory:/home/lokesh/Downloads/cpe/unit-test with class loader sun.misc.Launcher$AppClassLoader@46c6c084 
Loaded from file:/home/lokesh/.m2/repository/org/apache/derby/derby/10.11.1.1/derby-10.11.1.1.jar
java.vendor=Oracle Corporation
java.runtime.version=1.7.0_95-b00
user.dir=/home/lokesh/Downloads/cpe
os.name=Linux
os.arch=amd64
os.version=3.16.0-30-generic
derby.system.home=null
Database Class Loader started - derby.database.classpath=''
----------------------------------------------------------------
Fri Apr 22 20:58:20 EDT 2016:
Shutting down instance dad33859-0154-409e-3616-000002043c90 on database directory memory:/home/lokesh/Downloads/cpe/unit-test with class loader sun.misc.Launcher$AppClassLoader@46c6c084 
----------------------------------------------------------------
Fri Apr 22 20:58:20 EDT 2016:
Booting Derby version The Apache Software Foundation - Apache Derby - 10.11.1.1 - (1616546): instance 134739f9-0154-409e-3616-000002043c90 
on database directory memory:/home/lokesh/Downloads/cpe/unit-test with class loader sun.misc.Launcher$AppClassLoader@46c6c084 
Loaded from file:/home/lokesh/.m2/repository/org/apache/derby/derby/10.11.1.1/derby-10.11.1.1.jar
java.vendor=Oracle Corporation
java.runtime.version=1.7.0_95-b00
user.dir=/home/lokesh/Downloads/cpe
os.name=Linux
os.arch=amd64
os.version=3.16.0-30-generic
derby.system.home=null
Database Class Loader started - derby.database.classpath=''
----------------------------------------------------------------
Fri Apr 22 20:58:23 EDT 2016:
Shutting down instance 134739f9-0154-409e-3616-000002043c90 on database directory memory:/home/lokesh/Downloads/cpe/unit-test with class loader sun.misc.Launcher$AppClassLoader@46c6c084 
----------------------------------------------------------------
Fri Apr 22 20:58:24 EDT 2016:
Booting Derby version The Apache Software Foundation - Apache Derby - 10.11.1.1 - (1616546): instance f4bb3b99-0154-409e-3616-000002043c90 
on database directory memory:/home/lokesh/Downloads/cpe/unit-test with class loader sun.misc.Launcher$AppClassLoader@46c6c084 
Loaded from file:/home/lokesh/.m2/repository/org/apache/derby/derby/10.11.1.1/derby-10.11.1.1.jar
java.vendor=Oracle Corporation
java.runtime.version=1.7.0_95-b00
user.dir=/home/lokesh/Downloads/cpe
os.name=Linux
os.arch=amd64
os.version=3.16.0-30-generic
derby.system.home=null
Database Class Loader started - derby.database.classpath=''
----------------------------------------------------------------
Fri Apr 22 20:58:27 EDT 2016:
Shutting down instance f4bb3b99-0154-409e-3616-000002043c90 on database directory memory:/home/lokesh/Downloads/cpe/unit-test with class loader sun.misc.Launcher$AppClassLoader@46c6c084 
----------------------------------------------------------------
Fri Apr 22 20:58:28 EDT 2016:
Booting Derby version The Apache Software Foundation - Apache Derby - 10.11.1.1 - (1616546): instance 7f2f3d39-0154-409e-3616-000002043c90 
on database directory memory:/home/lokesh/Downloads/cpe/unit-test with class loader sun.misc.Launcher$AppClassLoader@46c6c084 
Loaded from file:/home/lokesh/.m2/repository/org/apache/derby/derby/10.11.1.1/derby-10.11.1.1.jar
java.vendor=Oracle Corporation
java.runtime.version=1.7.0_95-b00
user.dir=/home/lokesh/Downloads/cpe
os.name=Linux
os.arch=amd64
os.version=3.16.0-30-generic
derby.system.home=null
Database Class Loader started - derby.database.classpath=''
----------------------------------------------------------------
Fri Apr 22 20:58:31 EDT 2016:
Shutting down instance 7f2f3d39-0154-409e-3616-000002043c90 on database directory memory:/home/lokesh/Downloads/cpe/unit-test with class loader sun.misc.Launcher$AppClassLoader@46c6c084 
----------------------------------------------------------------
Fri Apr 22 20:58:32 EDT 2016:
Booting Derby version The Apache Software Foundation - Apache Derby - 10.11.1.1 - (1616546): instance b2a33ed9-0154-409e-3616-000002043c90 
on database directory memory:/home/lokesh/Downloads/cpe/unit-test with class loader sun.misc.Launcher$AppClassLoader@46c6c084 
Loaded from file:/home/lokesh/.m2/repository/org/apache/derby/derby/10.11.1.1/derby-10.11.1.1.jar
java.vendor=Oracle Corporation
java.runtime.version=1.7.0_95-b00
user.dir=/home/lokesh/Downloads/cpe
os.name=Linux
os.arch=amd64
os.version=3.16.0-30-generic
derby.system.home=null
Database Class Loader started - derby.database.classpath=''
----------------------------------------------------------------
Fri Apr 22 20:58:34 EDT 2016:
Shutting down instance b2a33ed9-0154-409e-3616-000002043c90 on database directory memory:/home/lokesh/Downloads/cpe/unit-test with class loader sun.misc.Launcher$AppClassLoader@46c6c084 
----------------------------------------------------------------
Fri Apr 22 20:58:34 EDT 2016:
Booting Derby version The Apache Software Foundation - Apache Derby - 10.11.1.1 - (1616546): instance 8f174079-0154-409e-3616-000002043c90 
on database directory memory:/home/lokesh/Downloads/cpe/unit-test with class loader sun.misc.Launcher$AppClassLoader@46c6c084 
Loaded from file:/home/lokesh/.m2/repository/org/apache/derby/derby/10.11.1.1/derby-10.11.1.1.jar
java.vendor=Oracle Corporation
java.runtime.version=1.7.0_95-b00
user.dir=/home/lokesh/Downloads/cpe
os.name=Linux
os.arch=amd64
os.version=3.16.0-30-generic
derby.system.home=null
Database Class Loader started - derby.database.classpath=''
----------------------------------------------------------------
Fri Apr 22 20:58:37 EDT 2016:
Shutting down instance 8f174079-0154-409e-3616-000002043c90 on database directory memory:/home/lokesh/Downloads/cpe/unit-test with class loader sun.misc.Launcher$AppClassLoader@46c6c084 
----------------------------------------------------------------
Fri Apr 22 20:58:38 EDT 2016:
Booting Derby version The Apache Software Foundation - Apache Derby - 10.11.1.1 - (1616546): instance 148b4219-0154-409e-3616-000002043c90 
on database directory memory:/home/lokesh/Downloads/cpe/unit-test with class loader sun.misc.Launcher$AppClassLoader@46c6c084 
Loaded from file:/home/lokesh/.m2/repository/org/apache/derby/derby/10.11.1.1/derby-10.11.1.1.jar
java.vendor=Oracle Corporation
java.runtime.version=1.7.0_95-b00
user.dir=/home/lokesh/Downloads/cpe
os.name=Linux
os.arch=amd64
os.version=3.16.0-30-generic
derby.system.home=null
Database Class Loader started - derby.database.classpath=''
----------------------------------------------------------------
Fri Apr 22 20:58:40 EDT 2016:
Shutting down instance 148b4219-0154-409e-3616-000002043c90 on database directory memory:/home/lokesh/Downloads/cpe/unit-test with class loader sun.misc.Launcher$AppClassLoader@46c6c084 
----------------------------------------------------------------
Fri Apr 22 20:58:40 EDT 2016:
Booting Derby version The Apache Software Foundation - Apache Derby - 10.11.1.1 - (1616546): instance 42ff43b9-0154-409e-3616-000002043c90 
on database directory memory:/home/lokesh/Downloads/cpe/unit-test with class loader sun.misc.Launcher$AppClassLoader@46c6c084 
Loaded from file:/home/lokesh/.m2/repository/org/apache/derby/derby/10.11.1.1/derby-10.11.1.1.jar
java.vendor=Oracle Corporation
java.runtime.version=1.7.0_95-b00
user.dir=/home/lokesh/Downloads/cpe
os.name=Linux
os.arch=amd64
os.version=3.16.0-30-generic
derby.system.home=null
Database Class Loader started - derby.database.classpath=''
----------------------------------------------------------------
Fri Apr 22 20:58:43 EDT 2016:
Shutting down instance 42ff43b9-0154-409e-3616-000002043c90 on database directory memory:/home/lokesh/Downloads/cpe/unit-test with class loader sun.misc.Launcher$AppClassLoader@46c6c084 
----------------------------------------------------------------
Fri Apr 22 20:58:43 EDT 2016:
Booting Derby version The Apache Software Foundation - Apache Derby - 10.11.1.1 - (1616546): instance 1a734559-0154-409e-3616-000002043c90 
on database directory memory:/home/lokesh/Downloads/cpe/unit-test with class loader sun.misc.Launcher$AppClassLoader@46c6c084 
Loaded from file:/home/lokesh/.m2/repository/org/apache/derby/derby/10.11.1.1/derby-10.11.1.1.jar
java.vendor=Oracle Corporation
java.runtime.version=1.7.0_95-b00
user.dir=/home/lokesh/Downloads/cpe
os.name=Linux
os.arch=amd64
os.version=3.16.0-30-generic
derby.system.home=null
Database Class Loader started - derby.database.classpath=''
----------------------------------------------------------------
Fri Apr 22 20:58:49 EDT 2016:
Shutting down instance 1a734559-0154-409e-3616-000002043c90 on database directory memory:/home/lokesh/Downloads/cpe/unit-test with class loader sun.misc.Launcher$AppClassLoader@46c6c084 
----------------------------------------------------------------
Fri Apr 22 20:58:50 EDT 2016:
Booting Derby version The Apache Software Foundation - Apache Derby - 10.11.1.1 - (1616546): instance b7b7070e-0154-409e-3616-000002043c90 
on database directory memory:/home/lokesh/Downloads/cpe/unit-test with class loader sun.misc.Launcher$AppClassLoader@46c6c084 
Loaded from file:/home/lokesh/.m2/repository/org/apache/derby/derby/10.11.1.1/derby-10.11.1.1.jar
java.vendor=Oracle Corporation
java.runtime.version=1.7.0_95-b00
user.dir=/home/lokesh/Downloads/cpe
os.name=Linux
os.arch=amd64
os.version=3.16.0-30-generic
derby.system.home=null
Database Class Loader started - derby.database.classpath=''
----------------------------------------------------------------
Fri Apr 22 20:58:54 EDT 2016:
Shutting down instance b7b7070e-0154-409e-3616-000002043c90 on database directory memory:/home/lokesh/Downloads/cpe/unit-test with class loader sun.misc.Launcher$AppClassLoader@46c6c084 
----------------------------------------------------------------
Fri Apr 22 20:58:54 EDT 2016:
Booting Derby version The Apache Software Foundation - Apache Derby - 10.11.1.1 - (1616546): instance 20520dab-0154-409e-3616-000002043c90 
on database directory memory:/home/lokesh/Downloads/cpe/unit-test with class loader sun.misc.Launcher$AppClassLoader@46c6c084 
Loaded from file:/home/lokesh/.m2/repository/org/apache/derby/derby/10.11.1.1/derby-10.11.1.1.jar
java.vendor=Oracle Corporation
java.runtime.version=1.7.0_95-b00
user.dir=/home/lokesh/Downloads/cpe
os.name=Linux
os.arch=amd64
os.version=3.16.0-30-generic
derby.system.home=null
Database Class Loader started - derby.database.classpath=''
----------------------------------------------------------------
Fri Apr 22 20:58:58 EDT 2016:
Shutting down instance 20520dab-0154-409e-3616-000002043c90 on database directory memory:/home/lokesh/Downloads/cpe/unit-test with class loader sun.misc.Launcher$AppClassLoader@46c6c084 
----------------------------------------------------------------
Fri Apr 22 20:58:58 EDT 2016:
Booting Derby version The Apache Software Foundation - Apache Derby - 10.11.1.1 - (1616546): instance 095bd44d-0154-409e-3616-000002043c90 
on database directory memory:/home/lokesh/Downloads/cpe/unit-test with class loader sun.misc.Launcher$AppClassLoader@46c6c084 
Loaded from file:/home/lokesh/.m2/repository/org/apache/derby/derby/10.11.1.1/derby-10.11.1.1.jar
java.vendor=Oracle Corporation
java.runtime.version=1.7.0_95-b00
user.dir=/home/lokesh/Downloads/cpe
os.name=Linux
os.arch=amd64
os.version=3.16.0-30-generic
derby.system.home=null
Database Class Loader started - derby.database.classpath=''
----------------------------------------------------------------
Fri Apr 22 20:59:02 EDT 2016:
Shutting down instance 095bd44d-0154-409e-3616-000002043c90 on database directory memory:/home/lokesh/Downloads/cpe/unit-test with class loader sun.misc.Launcher$AppClassLoader@46c6c084 
----------------------------------------------------------------
Fri Apr 22 20:59:02 EDT 2016:
Booting Derby version The Apache Software Foundation - Apache Derby - 10.11.1.1 - (1616546): instance a0c25af0-0154-409e-3616-000002043c90 
on database directory memory:/home/lokesh/Downloads/cpe/unit-test with class loader sun.misc.Launcher$AppClassLoader@46c6c084 
Loaded from file:/home/lokesh/.m2/repository/org/apache/derby/derby/10.11.1.1/derby-10.11.1.1.jar
java.vendor=Oracle Corporation
java.runtime.version=1.7.0_95-b00
user.dir=/home/lokesh/Downloads/cpe
os.name=Linux
os.arch=amd64
os.version=3.16.0-30-generic
derby.system.home=null
Database Class Loader started - derby.database.classpath=''
----------------------------------------------------------------
Fri Apr 22 20:59:06 EDT 2016:
Shutting down instance a0c25af0-0154-409e-3616-000002043c90 on database directory memory:/home/lokesh/Downloads/cpe/unit-test with class loader sun.misc.Launcher$AppClassLoader@46c6c084 
----------------------------------------------------------------
Fri Apr 22 20:59:06 EDT 2016:
Booting Derby version The Apache Software Foundation - Apache Derby - 10.11.1.1 - (1616546): instance ab1b2193-0154-409e-3616-000002043c90 
on database directory memory:/home/lokesh/Downloads/cpe/unit-test with class loader sun.misc.Launcher$AppClassLoader@46c6c084 
Loaded from file:/home/lokesh/.m2/repository/org/apache/derby/derby/10.11.1.1/derby-10.11.1.1.jar
java.vendor=Oracle Corporation
java.runtime.version=1.7.0_95-b00
user.dir=/home/lokesh/Downloads/cpe
os.name=Linux
os.arch=amd64
os.version=3.16.0-30-generic
derby.system.home=null
Database Class Loader started - derby.database.classpath=''
----------------------------------------------------------------
Fri Apr 22 20:59:09 EDT 2016:
Shutting down instance ab1b2193-0154-409e-3616-000002043c90 on database directory memory:/home/lokesh/Downloads/cpe/unit-test with class loader sun.misc.Launcher$AppClassLoader@46c6c084 
----------------------------------------------------------------
Fri Apr 22 20:59:10 EDT 2016:
Booting Derby version The Apache Software Foundation - Apache Derby - 10.11.1.1 - (1616546): instance 5c816838-0154-409e-3616-000002043c90 
on database directory memory:/home/lokesh/Downloads/cpe/unit-test with class loader sun.misc.Launcher$AppClassLoader@46c6c084 
Loaded from file:/home/lokesh/.m2/repository/org/apache/derby/derby/10.11.1.1/derby-10.11.1.1.jar
java.vendor=Oracle Corporation
java.runtime.version=1.7.0_95-b00
user.dir=/home/lokesh/Downloads/cpe
os.name=Linux
os.arch=amd64
os.version=3.16.0-30-generic
derby.system.home=null
Database Class Loader started - derby.database.classpath=''
----------------------------------------------------------------
Fri Apr 22 20:59:13 EDT 2016:
Shutting down instance 5c816838-0154-409e-3616-000002043c90 on database directory memory:/home/lokesh/Downloads/cpe/unit-test with class loader sun.misc.Launcher$AppClassLoader@46c6c084 
----------------------------------------------------------------
Fri Apr 22 20:59:13 EDT 2016:
Booting Derby version The Apache Software Foundation - Apache Derby - 10.11.1.1 - (1616546): instance 8b352ede-0154-409e-3616-000002043c90 
on database directory memory:/home/lokesh/Downloads/cpe/unit-test with class loader sun.misc.Launcher$AppClassLoader@46c6c084 
Loaded from file:/home/lokesh/.m2/repository/org/apache/derby/derby/10.11.1.1/derby-10.11.1.1.jar
java.vendor=Oracle Corporation
java.runtime.version=1.7.0_95-b00
user.dir=/home/lokesh/Downloads/cpe
os.name=Linux
os.arch=amd64
os.version=3.16.0-30-generic
derby.system.home=null
Database Class Loader started - derby.database.classpath=''
----------------------------------------------------------------
Fri Apr 22 20:59:16 EDT 2016:
Shutting down instance 8b352ede-0154-409e-3616-000002043c90 on database directory memory:/home/lokesh/Downloads/cpe/unit-test with class loader sun.misc.Launcher$AppClassLoader@46c6c084 
----------------------------------------------------------------
Fri Apr 22 20:59:17 EDT 2016:
Booting Derby version The Apache Software Foundation - Apache Derby - 10.11.1.1 - (1616546): instance 4674357b-0154-409e-3616-000002043c90 
on database directory memory:/home/lokesh/Downloads/cpe/unit-test with class loader sun.misc.Launcher$AppClassLoader@46c6c084 
Loaded from file:/home/lokesh/.m2/repository/org/apache/derby/derby/10.11.1.1/derby-10.11.1.1.jar
java.vendor=Oracle Corporation
java.runtime.version=1.7.0_95-b00
user.dir=/home/lokesh/Downloads/cpe
os.name=Linux
os.arch=amd64
os.version=3.16.0-30-generic
derby.system.home=null
Database Class Loader started - derby.database.classpath=''
----------------------------------------------------------------
Fri Apr 22 20:59:20 EDT 2016:
Shutting down instance 4674357b-0154-409e-3616-000002043c90 on database directory memory:/home/lokesh/Downloads/cpe/unit-test with class loader sun.misc.Launcher$AppClassLoader@46c6c084 
----------------------------------------------------------------
Fri Apr 22 20:59:21 EDT 2016:
Booting Derby version The Apache Software Foundation - Apache Derby - 10.11.1.1 - (1616546): instance 70047c21-0154-409e-3616-000002043c90 
on database directory memory:/home/lokesh/Downloads/cpe/unit-test with class loader sun.misc.Launcher$AppClassLoader@46c6c084 
Loaded from file:/home/lokesh/.m2/repository/org/apache/derby/derby/10.11.1.1/derby-10.11.1.1.jar
java.vendor=Oracle Corporation
java.runtime.version=1.7.0_95-b00
user.dir=/home/lokesh/Downloads/cpe
os.name=Linux
os.arch=amd64
os.version=3.16.0-30-generic
derby.system.home=null
Database Class Loader started - derby.database.classpath=''
----------------------------------------------------------------
Fri Apr 22 20:59:24 EDT 2016:
Shutting down instance 70047c21-0154-409e-3616-000002043c90 on database directory memory:/home/lokesh/Downloads/cpe/unit-test with class loader sun.misc.Launcher$AppClassLoader@46c6c084 
----------------------------------------------------------------
Fri Apr 22 20:59:25 EDT 2016:
Booting Derby version The Apache Software Foundation - Apache Derby - 10.11.1.1 - (1616546): instance 5e3c42bb-0154-409e-3616-000002043c90 
on database directory memory:/home/lokesh/Downloads/cpe/unit-test with class loader sun.misc.Launcher$AppClassLoader@46c6c084 
Loaded from file:/home/lokesh/.m2/repository/org/apache/derby/derby/10.11.1.1/derby-10.11.1.1.jar
java.vendor=Oracle Corporation
java.runtime.version=1.7.0_95-b00
user.dir=/home/lokesh/Downloads/cpe
os.name=Linux
os.arch=amd64
os.version=3.16.0-30-generic
derby.system.home=null
Database Class Loader started - derby.database.classpath=''
----------------------------------------------------------------
Fri Apr 22 20:59:28 EDT 2016:
Shutting down instance 5e3c42bb-0154-409e-3616-000002043c90 on database directory memory:/home/lokesh/Downloads/cpe/unit-test with class loader sun.misc.Launcher$AppClassLoader@46c6c084 
----------------------------------------------------------------
Fri Apr 22 20:59:29 EDT 2016:
Booting Derby version The Apache Software Foundation - Apache Derby - 10.11.1.1 - (1616546): instance 444e095d-0154-409e-3616-000002043c90 
on database directory memory:/home/lokesh/Downloads/cpe/unit-test with class loader sun.misc.Launcher$AppClassLoader@46c6c084 
Loaded from file:/home/lokesh/.m2/repository/org/apache/derby/derby/10.11.1.1/derby-10.11.1.1.jar
java.vendor=Oracle Corporation
java.runtime.version=1.7.0_95-b00
user.dir=/home/lokesh/Downloads/cpe
os.name=Linux
os.arch=amd64
os.version=3.16.0-30-generic
derby.system.home=null
Database Class Loader started - derby.database.classpath=''
----------------------------------------------------------------
Fri Apr 22 20:59:33 EDT 2016:
Shutting down instance 444e095d-0154-409e-3616-000002043c90 on database directory memory:/home/lokesh/Downloads/cpe/unit-test with class loader sun.misc.Launcher$AppClassLoader@46c6c084 
----------------------------------------------------------------
Fri Apr 22 20:59:33 EDT 2016:
Booting Derby version The Apache Software Foundation - Apache Derby - 10.11.1.1 - (1616546): instance 42020ffd-0154-409e-3616-000002043c90 
on database directory memory:/home/lokesh/Downloads/cpe/unit-test with class loader sun.misc.Launcher$AppClassLoader@46c6c084 
Loaded from file:/home/lokesh/.m2/repository/org/apache/derby/derby/10.11.1.1/derby-10.11.1.1.jar
java.vendor=Oracle Corporation
java.runtime.version=1.7.0_95-b00
user.dir=/home/lokesh/Downloads/cpe
os.name=Linux
os.arch=amd64
os.version=3.16.0-30-generic
derby.system.home=null
Database Class Loader started - derby.database.classpath=''
----------------------------------------------------------------
Fri Apr 22 20:59:37 EDT 2016:
Shutting down instance 42020ffd-0154-409e-3616-000002043c90 on database directory memory:/home/lokesh/Downloads/cpe/unit-test with class loader sun.misc.Launcher$AppClassLoader@46c6c084 
----------------------------------------------------------------
Fri Apr 22 20:59:38 EDT 2016:
Booting Derby version The Apache Software Foundation - Apache Derby - 10.11.1.1 - (1616546): instance e5f716a5-0154-409e-3616-000002043c90 
on database directory memory:/home/lokesh/Downloads/cpe/unit-test with class loader sun.misc.Launcher$AppClassLoader@46c6c084 
Loaded from file:/home/lokesh/.m2/repository/org/apache/derby/derby/10.11.1.1/derby-10.11.1.1.jar
java.vendor=Oracle Corporation
java.runtime.version=1.7.0_95-b00
user.dir=/home/lokesh/Downloads/cpe
os.name=Linux
os.arch=amd64
os.version=3.16.0-30-generic
derby.system.home=null
Database Class Loader started - derby.database.classpath=''
----------------------------------------------------------------
Fri Apr 22 20:59:41 EDT 2016:
Shutting down instance e5f716a5-0154-409e-3616-000002043c90 on database directory memory:/home/lokesh/Downloads/cpe/unit-test with class loader sun.misc.Launcher$AppClassLoader@46c6c084 
----------------------------------------------------------------
Fri Apr 22 20:59:42 EDT 2016:
Booting Derby version The Apache Software Foundation - Apache Derby - 10.11.1.1 - (1616546): instance af83dd4a-0154-409e-3616-000002043c90 
on database directory memory:/home/lokesh/Downloads/cpe/unit-test with class loader sun.misc.Launcher$AppClassLoader@46c6c084 
Loaded from file:/home/lokesh/.m2/repository/org/apache/derby/derby/10.11.1.1/derby-10.11.1.1.jar
java.vendor=Oracle Corporation
java.runtime.version=1.7.0_95-b00
user.dir=/home/lokesh/Downloads/cpe
os.name=Linux
os.arch=amd64
os.version=3.16.0-30-generic
derby.system.home=null
Database Class Loader started - derby.database.classpath=''
----------------------------------------------------------------
Fri Apr 22 20:59:45 EDT 2016:
Shutting down instance af83dd4a-0154-409e-3616-000002043c90 on database directory memory:/home/lokesh/Downloads/cpe/unit-test with class loader sun.misc.Launcher$AppClassLoader@46c6c084 
----------------------------------------------------------------
Fri Apr 22 20:59:45 EDT 2016:
Booting Derby version The Apache Software Foundation - Apache Derby - 10.11.1.1 - (1616546): instance e6ed63e3-0154-409e-3616-000002043c90 
on database directory memory:/home/lokesh/Downloads/cpe/unit-test with class loader sun.misc.Launcher$AppClassLoader@46c6c084 
Loaded from file:/home/lokesh/.m2/repository/org/apache/derby/derby/10.11.1.1/derby-10.11.1.1.jar
java.vendor=Oracle Corporation
java.runtime.version=1.7.0_95-b00
user.dir=/home/lokesh/Downloads/cpe
os.name=Linux
os.arch=amd64
os.version=3.16.0-30-generic
derby.system.home=null
Database Class Loader started - derby.database.classpath=''
----------------------------------------------------------------
Fri Apr 22 20:59:49 EDT 2016:
Shutting down instance e6ed63e3-0154-409e-3616-000002043c90 on database directory memory:/home/lokesh/Downloads/cpe/unit-test with class loader sun.misc.Launcher$AppClassLoader@46c6c084 
----------------------------------------------------------------
Fri Apr 22 20:59:50 EDT 2016:
Booting Derby version The Apache Software Foundation - Apache Derby - 10.11.1.1 - (1616546): instance 85716a7e-0154-409e-3616-000002043c90 
on database directory memory:/home/lokesh/Downloads/cpe/unit-test with class loader sun.misc.Launcher$AppClassLoader@46c6c084 
Loaded from file:/home/lokesh/.m2/repository/org/apache/derby/derby/10.11.1.1/derby-10.11.1.1.jar
java.vendor=Oracle Corporation
java.runtime.version=1.7.0_95-b00
user.dir=/home/lokesh/Downloads/cpe
os.name=Linux
os.arch=amd64
os.version=3.16.0-30-generic
derby.system.home=null
Database Class Loader started - derby.database.classpath=''
----------------------------------------------------------------
Fri Apr 22 20:59:52 EDT 2016:
Shutting down instance 85716a7e-0154-409e-3616-000002043c90 on database directory memory:/home/lokesh/Downloads/cpe/unit-test with class loader sun.misc.Launcher$AppClassLoader@46c6c084 
----------------------------------------------------------------
Fri Apr 22 20:59:53 EDT 2016:
Booting Derby version The Apache Software Foundation - Apache Derby - 10.11.1.1 - (1616546): instance cd86311d-0154-409e-3616-000002043c90 
on database directory memory:/home/lokesh/Downloads/cpe/unit-test with class loader sun.misc.Launcher$AppClassLoader@46c6c084 
Loaded from file:/home/lokesh/.m2/repository/org/apache/derby/derby/10.11.1.1/derby-10.11.1.1.jar
java.vendor=Oracle Corporation
java.runtime.version=1.7.0_95-b00
user.dir=/home/lokesh/Downloads/cpe
os.name=Linux
os.arch=amd64
os.version=3.16.0-30-generic
derby.system.home=null
Database Class Loader started - derby.database.classpath=''
----------------------------------------------------------------
Fri Apr 22 20:59:55 EDT 2016:
Shutting down instance cd86311d-0154-409e-3616-000002043c90 on database directory memory:/home/lokesh/Downloads/cpe/unit-test with class loader sun.misc.Launcher$AppClassLoader@46c6c084 
----------------------------------------------------------------
Fri Apr 22 20:59:56 EDT 2016:
Booting Derby version The Apache Software Foundation - Apache Derby - 10.11.1.1 - (1616546): instance 94d977c3-0154-409e-3616-000002043c90 
on database directory memory:/home/lokesh/Downloads/cpe/unit-test with class loader sun.misc.Launcher$AppClassLoader@46c6c084 
Loaded from file:/home/lokesh/.m2/repository/org/apache/derby/derby/10.11.1.1/derby-10.11.1.1.jar
java.vendor=Oracle Corporation
java.runtime.version=1.7.0_95-b00
user.dir=/home/lokesh/Downloads/cpe
os.name=Linux
os.arch=amd64
os.version=3.16.0-30-generic
derby.system.home=null
Database Class Loader started - derby.database.classpath=''
----------------------------------------------------------------
Fri Apr 22 20:59:58 EDT 2016:
Shutting down instance 94d977c3-0154-409e-3616-000002043c90 on database directory memory:/home/lokesh/Downloads/cpe/unit-test with class loader sun.misc.Launcher$AppClassLoader@46c6c084 
----------------------------------------------------------------
Fri Apr 22 20:59:59 EDT 2016:
Booting Derby version The Apache Software Foundation - Apache Derby - 10.11.1.1 - (1616546): instance e915be69-0154-409e-3616-000002043c90 
on database directory memory:/home/lokesh/Downloads/cpe/unit-test with class loader sun.misc.Launcher$AppClassLoader@46c6c084 
Loaded from file:/home/lokesh/.m2/repository/org/apache/derby/derby/10.11.1.1/derby-10.11.1.1.jar
java.vendor=Oracle Corporation
java.runtime.version=1.7.0_95-b00
user.dir=/home/lokesh/Downloads/cpe
os.name=Linux
os.arch=amd64
os.version=3.16.0-30-generic
derby.system.home=null
Database Class Loader started - derby.database.classpath=''
----------------------------------------------------------------
Fri Apr 22 21:00:01 EDT 2016:
Shutting down instance e915be69-0154-409e-3616-000002043c90 on database directory memory:/home/lokesh/Downloads/cpe/unit-test with class loader sun.misc.Launcher$AppClassLoader@46c6c084 
----------------------------------------------------------------
Fri Apr 22 21:00:02 EDT 2016:
Booting Derby version The Apache Software Foundation - Apache Derby - 10.11.1.1 - (1616546): instance 47b4450d-0154-409e-3616-000002043c90 
on database directory memory:/home/lokesh/Downloads/cpe/unit-test with class loader sun.misc.Launcher$AppClassLoader@46c6c084 
Loaded from file:/home/lokesh/.m2/repository/org/apache/derby/derby/10.11.1.1/derby-10.11.1.1.jar
java.vendor=Oracle Corporation
java.runtime.version=1.7.0_95-b00
user.dir=/home/lokesh/Downloads/cpe
os.name=Linux
os.arch=amd64
os.version=3.16.0-30-generic
derby.system.home=null
Database Class Loader started - derby.database.classpath=''
----------------------------------------------------------------
Fri Apr 22 21:00:04 EDT 2016:
Shutting down instance 47b4450d-0154-409e-3616-000002043c90 on database directory memory:/home/lokesh/Downloads/cpe/unit-test with class loader sun.misc.Launcher$AppClassLoader@46c6c084 
----------------------------------------------------------------
Fri Apr 22 21:00:05 EDT 2016:
Booting Derby version The Apache Software Foundation - Apache Derby - 10.11.1.1 - (1616546): instance a94846ad-0154-409e-3616-000002043c90 
on database directory memory:/home/lokesh/Downloads/cpe/unit-test with class loader sun.misc.Launcher$AppClassLoader@46c6c084 
Loaded from file:/home/lokesh/.m2/repository/org/apache/derby/derby/10.11.1.1/derby-10.11.1.1.jar
java.vendor=Oracle Corporation
java.runtime.version=1.7.0_95-b00
user.dir=/home/lokesh/Downloads/cpe
os.name=Linux
os.arch=amd64
os.version=3.16.0-30-generic
derby.system.home=null
Database Class Loader started - derby.database.classpath=''
----------------------------------------------------------------
Fri Apr 22 21:00:07 EDT 2016:
Shutting down instance a94846ad-0154-409e-3616-000002043c90 on database directory memory:/home/lokesh/Downloads/cpe/unit-test with class loader sun.misc.Launcher$AppClassLoader@46c6c084 
----------------------------------------------------------------
Fri Apr 22 21:00:08 EDT 2016:
Booting Derby version The Apache Software Foundation - Apache Derby - 10.11.1.1 - (1616546): instance b3dc484d-0154-409e-3616-000002043c90 
on database directory memory:/home/lokesh/Downloads/cpe/unit-test with class loader sun.misc.Launcher$AppClassLoader@46c6c084 
Loaded from file:/home/lokesh/.m2/repository/org/apache/derby/derby/10.11.1.1/derby-10.11.1.1.jar
java.vendor=Oracle Corporation
java.runtime.version=1.7.0_95-b00
user.dir=/home/lokesh/Downloads/cpe
os.name=Linux
os.arch=amd64
os.version=3.16.0-30-generic
derby.system.home=null
Database Class Loader started - derby.database.classpath=''
----------------------------------------------------------------
Fri Apr 22 21:00:10 EDT 2016:
Shutting down instance b3dc484d-0154-409e-3616-000002043c90 on database directory memory:/home/lokesh/Downloads/cpe/unit-test with class loader sun.misc.Launcher$AppClassLoader@46c6c084 
----------------------------------------------------------------
Fri Apr 22 21:00:11 EDT 2016:
Booting Derby version The Apache Software Foundation - Apache Derby - 10.11.1.1 - (1616546): instance 677049ed-0154-409e-3616-000002043c90 
on database directory memory:/home/lokesh/Downloads/cpe/unit-test with class loader sun.misc.Launcher$AppClassLoader@46c6c084 
Loaded from file:/home/lokesh/.m2/repository/org/apache/derby/derby/10.11.1.1/derby-10.11.1.1.jar
java.vendor=Oracle Corporation
java.runtime.version=1.7.0_95-b00
user.dir=/home/lokesh/Downloads/cpe
os.name=Linux
os.arch=amd64
os.version=3.16.0-30-generic
derby.system.home=null
Database Class Loader started - derby.database.classpath=''
----------------------------------------------------------------
Fri Apr 22 21:00:16 EDT 2016:
Shutting down instance 677049ed-0154-409e-3616-000002043c90 on database directory memory:/home/lokesh/Downloads/cpe/unit-test with class loader sun.misc.Launcher$AppClassLoader@46c6c084 
----------------------------------------------------------------
Fri Apr 22 21:00:16 EDT 2016:
Booting Derby version The Apache Software Foundation - Apache Derby - 10.11.1.1 - (1616546): instance c4044b8d-0154-409e-3616-000002043c90 
on database directory memory:/home/lokesh/Downloads/cpe/unit-test with class loader sun.misc.Launcher$AppClassLoader@46c6c084 
Loaded from file:/home/lokesh/.m2/repository/org/apache/derby/derby/10.11.1.1/derby-10.11.1.1.jar
java.vendor=Oracle Corporation
java.runtime.version=1.7.0_95-b00
user.dir=/home/lokesh/Downloads/cpe
os.name=Linux
os.arch=amd64
os.version=3.16.0-30-generic
derby.system.home=null
Database Class Loader started - derby.database.classpath=''
----------------------------------------------------------------
Fri Apr 22 21:00:19 EDT 2016:
Shutting down instance c4044b8d-0154-409e-3616-000002043c90 on database directory memory:/home/lokesh/Downloads/cpe/unit-test with class loader sun.misc.Launcher$AppClassLoader@46c6c084 
----------------------------------------------------------------
Fri Apr 22 21:00:19 EDT 2016:
Booting Derby version The Apache Software Foundation - Apache Derby - 10.11.1.1 - (1616546): instance c9984d2d-0154-409e-3616-000002043c90 
on database directory memory:/home/lokesh/Downloads/cpe/unit-test with class loader sun.misc.Launcher$AppClassLoader@46c6c084 
Loaded from file:/home/lokesh/.m2/repository/org/apache/derby/derby/10.11.1.1/derby-10.11.1.1.jar
java.vendor=Oracle Corporation
java.runtime.version=1.7.0_95-b00
user.dir=/home/lokesh/Downloads/cpe
os.name=Linux
os.arch=amd64
os.version=3.16.0-30-generic
derby.system.home=null
Database Class Loader started - derby.database.classpath=''
----------------------------------------------------------------
Fri Apr 22 21:00:22 EDT 2016:
Shutting down instance c9984d2d-0154-409e-3616-000002043c90 on database directory memory:/home/lokesh/Downloads/cpe/unit-test with class loader sun.misc.Launcher$AppClassLoader@46c6c084 
----------------------------------------------------------------
Fri Apr 22 21:00:23 EDT 2016:
Booting Derby version The Apache Software Foundation - Apache Derby - 10.11.1.1 - (1616546): instance 996913c2-0154-409e-3616-000002043c90 
on database directory memory:/home/lokesh/Downloads/cpe/unit-test with class loader sun.misc.Launcher$AppClassLoader@46c6c084 
Loaded from file:/home/lokesh/.m2/repository/org/apache/derby/derby/10.11.1.1/derby-10.11.1.1.jar
java.vendor=Oracle Corporation
java.runtime.version=1.7.0_95-b00
user.dir=/home/lokesh/Downloads/cpe
os.name=Linux
os.arch=amd64
os.version=3.16.0-30-generic
derby.system.home=null
Database Class Loader started - derby.database.classpath=''
----------------------------------------------------------------
Fri Apr 22 21:00:25 EDT 2016:
Shutting down instance 996913c2-0154-409e-3616-000002043c90 on database directory memory:/home/lokesh/Downloads/cpe/unit-test with class loader sun.misc.Launcher$AppClassLoader@46c6c084 
----------------------------------------------------------------
Fri Apr 22 21:00:25 EDT 2016:
Booting Derby version The Apache Software Foundation - Apache Derby - 10.11.1.1 - (1616546): instance 5134da60-0154-409e-3616-000002043c90 
on database directory memory:/home/lokesh/Downloads/cpe/unit-test with class loader sun.misc.Launcher$AppClassLoader@46c6c084 
Loaded from file:/home/lokesh/.m2/repository/org/apache/derby/derby/10.11.1.1/derby-10.11.1.1.jar
java.vendor=Oracle Corporation
java.runtime.version=1.7.0_95-b00
user.dir=/home/lokesh/Downloads/cpe
os.name=Linux
os.arch=amd64
os.version=3.16.0-30-generic
derby.system.home=null
Database Class Loader started - derby.database.classpath=''
----------------------------------------------------------------
Fri Apr 22 21:00:27 EDT 2016:
Shutting down instance 5134da60-0154-409e-3616-000002043c90 on database directory memory:/home/lokesh/Downloads/cpe/unit-test with class loader sun.misc.Launcher$AppClassLoader@46c6c084 
